<?xml version="1.0" encoding="UTF-8"?>
<!-- Generated by org.testng.reporters.JUnitReportReporter -->
<testsuite hostname="Ajay" name="cm.qa.RestAssignment.Tc_002" tests="1" failures="0" timestamp="26 Oct 2021 05:11:56 GMT" time="0.820" errors="0">
  <testcase name="adminLogin" time="0.820" classname="cm.qa.RestAssignment.Tc_002"/>
</testsuite> <!-- cm.qa.RestAssignment.Tc_002 -->
