<?xml version="1.0" encoding="UTF-8"?>
<!-- Generated by org.testng.reporters.JUnitReportReporter -->
<testsuite hostname="Ajay" name="cm.qa.RestAssignment.TC_003" tests="1" failures="0" timestamp="26 Oct 2021 05:25:44 GMT" time="1.997" errors="0">
  <testcase name="createNewUser" time="1.997" classname="cm.qa.RestAssignment.TC_003"/>
</testsuite> <!-- cm.qa.RestAssignment.TC_003 -->
