<?xml version="1.0" encoding="UTF-8"?>
<!-- Generated by org.testng.reporters.JUnitReportReporter -->
<testsuite hostname="Ajay" name="cm.qa.RestAssignment.AccessToken" tests="1" failures="0" timestamp="26 Oct 2021 04:10:25 GMT" time="4.498" errors="0">
  <testcase name="getToken" time="4.498" classname="cm.qa.RestAssignment.AccessToken"/>
</testsuite> <!-- cm.qa.RestAssignment.AccessToken -->
